<?xml version="1.0" encoding="UTF-8"?>
<!-- Generated by org.testng.reporters.JUnitReportReporter -->
<testsuite hostname="MSM-GEBS-X220T" name="runner.Test" tests="1" failures="0" timestamp="22 Aug 2018 18:39:47 GMT" time="0.021" errors="0">
  <testcase name="feature" time="0.021" classname="runner.Test"/>
</testsuite> <!-- runner.Test -->
