<?xml version="1.0" encoding="UTF-8"?>
<!-- Generated by org.testng.reporters.JUnitReportReporter -->
<testsuite hostname="MSM-GEBS-X220T" name="stepDefination.Stepfile" tests="1" failures="0" timestamp="21 Aug 2018 22:56:44 GMT" time="5.433" errors="0">
  <testcase name="open_chrome_browser" time="5.433" classname="stepDefination.Stepfile"/>
</testsuite> <!-- stepDefination.Stepfile -->
